[debug] [2020-07-02T17:48:14.299Z] ----------------------------------------------------------------------
[debug] [2020-07-02T17:48:14.300Z] Command:       /usr/local/bin/firebase /Users/emmettsmith/.cache/firebase/tools/lib/node_modules/firebase-tools/lib/bin/firebase serve --only hosting
[debug] [2020-07-02T17:48:14.300Z] CLI Version:   7.15.1
[debug] [2020-07-02T17:48:14.300Z] Platform:      darwin
[debug] [2020-07-02T17:48:14.300Z] Node Version:  v12.13.1
[debug] [2020-07-02T17:48:14.301Z] Time:          Thu Jul 02 2020 12:48:14 GMT-0500 (Central Daylight Time)
[debug] [2020-07-02T17:48:14.301Z] ----------------------------------------------------------------------
[debug] [2020-07-02T17:48:14.301Z] 
[debug] [2020-07-02T17:48:14.309Z] > command requires scopes: ["email","openid","https://www.googleapis.com/auth/cloudplatformprojects.readonly","https://www.googleapis.com/auth/firebase","https://www.googleapis.com/auth/cloud-platform"]
[debug] [2020-07-02T17:48:14.309Z] > authorizing via signed-in user
[debug] [2020-07-02T17:48:14.309Z] [iam] checking project cs403-5cc4c for permissions ["firebase.projects.get"]
[debug] [2020-07-02T17:48:14.310Z] >>> HTTP REQUEST POST https://cloudresourcemanager.googleapis.com/v1/projects/cs403-5cc4c:testIamPermissions  

[debug] [2020-07-02T17:48:14.758Z] <<< HTTP RESPONSE 200
[debug] [2020-07-02T17:48:14.760Z] >>> HTTP REQUEST GET https://firebase.googleapis.com/v1beta1/projects/cs403-5cc4c  
 
[debug] [2020-07-02T17:48:15.671Z] <<< HTTP RESPONSE 200
[debug] [2020-07-02T17:48:15.672Z] >>> HTTP REQUEST GET https://firebase.googleapis.com/v1beta1/projects/cs403-5cc4c/webApps/-/config  
 
[debug] [2020-07-02T17:48:16.649Z] <<< HTTP RESPONSE 200
[info] i  hosting[cs403-5cc4c]: Serving hosting files from: public
[info] ✔  hosting[cs403-5cc4c]: Local server: http://localhost:5000
[debug] [2020-07-02T18:46:55.710Z] ----------------------------------------------------------------------
[debug] [2020-07-02T18:46:55.712Z] Command:       /usr/local/bin/firebase /Users/emmettsmith/.cache/firebase/tools/lib/node_modules/firebase-tools/lib/bin/firebase serve --only hosting
[debug] [2020-07-02T18:46:55.712Z] CLI Version:   7.15.1
[debug] [2020-07-02T18:46:55.712Z] Platform:      darwin
[debug] [2020-07-02T18:46:55.712Z] Node Version:  v12.13.1
[debug] [2020-07-02T18:46:55.712Z] Time:          Thu Jul 02 2020 13:46:55 GMT-0500 (Central Daylight Time)
[debug] [2020-07-02T18:46:55.713Z] ----------------------------------------------------------------------
[debug] [2020-07-02T18:46:55.713Z] 
[debug] [2020-07-02T18:46:55.717Z] > command requires scopes: ["email","openid","https://www.googleapis.com/auth/cloudplatformprojects.readonly","https://www.googleapis.com/auth/firebase","https://www.googleapis.com/auth/cloud-platform"]
[debug] [2020-07-02T18:46:55.717Z] > authorizing via signed-in user
[debug] [2020-07-02T18:46:55.718Z] [iam] checking project cs403-5cc4c for permissions ["firebase.projects.get"]
[debug] [2020-07-02T18:46:55.718Z] > refreshing access token with scopes: ["email","https://www.googleapis.com/auth/cloud-platform","https://www.googleapis.com/auth/cloudplatformprojects.readonly","https://www.googleapis.com/auth/firebase","openid"]
[debug] [2020-07-02T18:46:55.719Z] >>> HTTP REQUEST POST https://www.googleapis.com/oauth2/v3/token  
 <request body omitted>
[debug] [2020-07-02T18:46:56.100Z] <<< HTTP RESPONSE 200
[debug] [2020-07-02T18:46:56.114Z] >>> HTTP REQUEST POST https://cloudresourcemanager.googleapis.com/v1/projects/cs403-5cc4c:testIamPermissions  

[debug] [2020-07-02T18:46:56.524Z] <<< HTTP RESPONSE 200
[debug] [2020-07-02T18:46:56.525Z] >>> HTTP REQUEST GET https://firebase.googleapis.com/v1beta1/projects/cs403-5cc4c  
 
[debug] [2020-07-02T18:46:57.010Z] <<< HTTP RESPONSE 200
[debug] [2020-07-02T18:46:57.012Z] >>> HTTP REQUEST GET https://firebase.googleapis.com/v1beta1/projects/cs403-5cc4c/webApps/-/config  
 
[debug] [2020-07-02T18:46:58.456Z] <<< HTTP RESPONSE 200
[info] i  hosting[cs403-5cc4c]: Serving hosting files from: public
[info] ✔  hosting[cs403-5cc4c]: Local server: http://localhost:5000
