[debug] [2020-07-02T16:28:04.957Z] ----------------------------------------------------------------------
[debug] [2020-07-02T16:28:04.958Z] Command:       /usr/local/bin/firebase /Users/emmettsmith/.cache/firebase/tools/lib/node_modules/firebase-tools/lib/bin/firebase serve --only hosting
[debug] [2020-07-02T16:28:04.958Z] CLI Version:   7.15.1
[debug] [2020-07-02T16:28:04.958Z] Platform:      darwin
[debug] [2020-07-02T16:28:04.958Z] Node Version:  v12.13.1
[debug] [2020-07-02T16:28:04.961Z] Time:          Thu Jul 02 2020 11:28:04 GMT-0500 (Central Daylight Time)
[debug] [2020-07-02T16:28:04.962Z] ----------------------------------------------------------------------
[debug] [2020-07-02T16:28:04.962Z] 
[debug] [2020-07-02T16:28:04.968Z] > command requires scopes: ["email","openid","https://www.googleapis.com/auth/cloudplatformprojects.readonly","https://www.googleapis.com/auth/firebase","https://www.googleapis.com/auth/cloud-platform"]
[debug] [2020-07-02T16:28:04.968Z] > authorizing via signed-in user
[debug] [2020-07-02T16:28:04.968Z] [iam] checking project cs403-5cc4c for permissions ["firebase.projects.get"]
[debug] [2020-07-02T16:28:04.969Z] > refreshing access token with scopes: ["email","https://www.googleapis.com/auth/cloud-platform","https://www.googleapis.com/auth/cloudplatformprojects.readonly","https://www.googleapis.com/auth/firebase","openid"]
[debug] [2020-07-02T16:28:04.969Z] >>> HTTP REQUEST POST https://www.googleapis.com/oauth2/v3/token  
 <request body omitted>
[debug] [2020-07-02T16:28:05.129Z] <<< HTTP RESPONSE 200
[debug] [2020-07-02T16:28:05.141Z] >>> HTTP REQUEST POST https://cloudresourcemanager.googleapis.com/v1/projects/cs403-5cc4c:testIamPermissions  

[debug] [2020-07-02T16:28:05.367Z] <<< HTTP RESPONSE 200
[debug] [2020-07-02T16:28:05.369Z] >>> HTTP REQUEST GET https://firebase.googleapis.com/v1beta1/projects/cs403-5cc4c  
 
[debug] [2020-07-02T16:28:05.605Z] <<< HTTP RESPONSE 200
[debug] [2020-07-02T16:28:05.607Z] >>> HTTP REQUEST GET https://firebase.googleapis.com/v1beta1/projects/cs403-5cc4c/webApps/-/config  
 
[debug] [2020-07-02T16:28:06.149Z] <<< HTTP RESPONSE 200
[info] i  hosting[cs403-5cc4c]: Serving hosting files from: public
[info] ✔  hosting[cs403-5cc4c]: Local server: http://localhost:5000
